This is pdfTeX, Version 3.1415926-2.5-1.40.14 (TeX Live 2013/Debian) (format=latex 2015.5.2)  2 JAN 2016 22:44
entering extended mode
 restricted \write18 enabled.
 %&-line parsing enabled.
**\nonstopmode\nofiles\PassOptionsToPackage{active,tightpage,auctex}{preview}\A
tBeginDocument{\ifx\ifPreview\undefined\RequirePackage[displaymath,floats,graph
ics,textmath,sections,footnotes]{preview}[2004/11/05]\fi} \input _region_.tex
(./_region_.tex  !name(prequantization.tex)
(/home/pault/texmf/tex/latex/tufte-latex/tufte-handout.cls
Document Class: tufte-handout 2009/12/11 v3.5.0 Tufte-handout class
(/home/pault/texmf/tex/latex/tufte-latex/tufte-common.def
File: tufte-common.def 2009/12/11 v3.5.0 Common code for the Tufte-LaTeX styles


(/usr/share/texlive/texmf-dist/tex/latex/xkeyval/xkeyval.sty
Package: xkeyval 2012/10/14 v2.6b package option processing (HA)

(/usr/share/texlive/texmf-dist/tex/generic/xkeyval/xkeyval.tex
\XKV@toks=\toks14
\XKV@tempa@toks=\toks15
\XKV@depth=\count79
File: xkeyval.tex 2012/10/14 v2.6b key=value parser (HA)

(/usr/share/texlive/texmf-dist/tex/generic/xkeyval/keyval.tex)))
(/home/pault/texmf/tex/latex/xifthen/xifthen.sty
Package: xifthen 2009/04/17 v1.3 Extended ifthen features

(/usr/share/texlive/texmf-dist/tex/latex/etex-pkg/etex.sty
Package: etex 1998/03/26 v2.0 eTeX basic definition package (PEB)
\et@xins=\count80
)
(/usr/share/texlive/texmf-dist/tex/latex/tools/calc.sty
Package: calc 2007/08/22 v4.3 Infix arithmetic (KKT,FJ)
\calc@Acount=\count81
\calc@Bcount=\count82
\calc@Adimen=\dimen102
\calc@Bdimen=\dimen103
\calc@Askip=\skip41
\calc@Bskip=\skip42
LaTeX Info: Redefining \setlength on input line 76.
LaTeX Info: Redefining \addtolength on input line 77.
\calc@Ccount=\count83
\calc@Cskip=\skip43
)
(/usr/share/texlive/texmf-dist/tex/latex/base/ifthen.sty
Package: ifthen 2001/05/26 v1.1c Standard LaTeX ifthen package (DPC)
)
(/usr/share/texlive/texmf-dist/tex/latex/ifmtarg/ifmtarg.sty
Package: ifmtarg 2009/09/02 v1.2a check for an empty argument
))
Class tufte-handout Info: Loading the base class `article'.

(/usr/share/texlive/texmf-dist/tex/latex/base/article.cls
Document Class: article 2007/10/19 v1.4h Standard LaTeX document class
(/usr/share/texlive/texmf-dist/tex/latex/base/size10.clo
File: size10.clo 2007/10/19 v1.4h Standard LaTeX file (size option)
)
\c@part=\count84
\c@section=\count85
\c@subsection=\count86
\c@subsubsection=\count87
\c@paragraph=\count88
\c@subparagraph=\count89
\c@figure=\count90
\c@table=\count91
\abovecaptionskip=\skip44
\belowcaptionskip=\skip45
\bibindent=\dimen104
)
(/usr/share/texlive/texmf-dist/tex/generic/oberdiek/ifpdf.sty
Package: ifpdf 2011/01/30 v2.3 Provides the ifpdf switch (HO)
Package ifpdf Info: pdfTeX in PDF mode is not detected.
)
(/usr/share/texlive/texmf-dist/tex/generic/ifxetex/ifxetex.sty
Package: ifxetex 2010/09/12 v0.6 Provides ifxetex conditional
)
(/home/pault/texmf/tex/latex/titlesec/titlesec.sty
Package: titlesec 2011/12/15 v2.10.0 Sectioning titles
\ttl@box=\box26
\beforetitleunit=\skip46
\aftertitleunit=\skip47
\ttl@plus=\dimen105
\ttl@minus=\dimen106
\ttl@toksa=\toks16
\titlewidth=\dimen107
\titlewidthlast=\dimen108
\titlewidthfirst=\dimen109
)
(/home/pault/texmf/tex/latex/titlesec/titletoc.sty
Package: titletoc 2011/12/15 v1.6 TOC entries
\ttl@leftsep=\dimen110
)
(/home/pault/texmf/tex/latex/hyperref/hyperref.sty
Package: hyperref 2012/11/06 v6.83m Hypertext links for LaTeX

(/usr/share/texlive/texmf-dist/tex/generic/oberdiek/hobsub-hyperref.sty
Package: hobsub-hyperref 2012/05/28 v1.13 Bundle oberdiek, subset hyperref (HO)


(/usr/share/texlive/texmf-dist/tex/generic/oberdiek/hobsub-generic.sty
Package: hobsub-generic 2012/05/28 v1.13 Bundle oberdiek, subset generic (HO)
Package: hobsub 2012/05/28 v1.13 Construct package bundles (HO)
Package: infwarerr 2010/04/08 v1.3 Providing info/warning/error messages (HO)
Package: ltxcmds 2011/11/09 v1.22 LaTeX kernel commands for general use (HO)
Package: ifluatex 2010/03/01 v1.3 Provides the ifluatex switch (HO)
Package ifluatex Info: LuaTeX not detected.
Package: ifvtex 2010/03/01 v1.5 Detect VTeX and its facilities (HO)
Package ifvtex Info: VTeX not detected.
Package: intcalc 2007/09/27 v1.1 Expandable calculations with integers (HO)
Package hobsub Info: Skipping package `ifpdf' (already loaded).
Package: etexcmds 2011/02/16 v1.5 Avoid name clashes with e-TeX commands (HO)
Package etexcmds Info: Could not find \expanded.
(etexcmds)             That can mean that you are not using pdfTeX 1.50 or
(etexcmds)             that some package has redefined \expanded.
(etexcmds)             In the latter case, load this package earlier.
Package: kvsetkeys 2012/04/25 v1.16 Key value parser (HO)
Package: kvdefinekeys 2011/04/07 v1.3 Define keys (HO)
Package: pdftexcmds 2011/11/29 v0.20 Utility functions of pdfTeX for LuaTeX (HO
)
Package pdftexcmds Info: LuaTeX not detected.
Package pdftexcmds Info: \pdf@primitive is available.
Package pdftexcmds Info: \pdf@ifprimitive is available.
Package pdftexcmds Info: \pdfdraftmode is ignored in DVI mode.
Package: pdfescape 2011/11/25 v1.13 Implements pdfTeX's escape features (HO)
Package: bigintcalc 2012/04/08 v1.3 Expandable calculations on big integers (HO
)
Package: bitset 2011/01/30 v1.1 Handle bit-vector datatype (HO)
Package: uniquecounter 2011/01/30 v1.2 Provide unlimited unique counter (HO)
)
Package hobsub Info: Skipping package `hobsub' (already loaded).
Package: letltxmacro 2010/09/02 v1.4 Let assignment for LaTeX macros (HO)
Package: hopatch 2012/05/28 v1.2 Wrapper for package hooks (HO)
Package: xcolor-patch 2011/01/30 xcolor patch
Package: atveryend 2011/06/30 v1.8 Hooks at the very end of document (HO)
Package atveryend Info: \enddocument detected (standard20110627).
Package: atbegshi 2011/10/05 v1.16 At begin shipout hook (HO)
Package: refcount 2011/10/16 v3.4 Data extraction from label references (HO)
Package: hycolor 2011/01/30 v1.7 Color options for hyperref/bookmark (HO)
)
(/usr/share/texlive/texmf-dist/tex/latex/oberdiek/auxhook.sty
Package: auxhook 2011/03/04 v1.3 Hooks for auxiliary files (HO)
)
(/usr/share/texlive/texmf-dist/tex/latex/oberdiek/kvoptions.sty
Package: kvoptions 2011/06/30 v3.11 Key value format for package options (HO)
)
\@linkdim=\dimen111
\Hy@linkcounter=\count92
\Hy@pagecounter=\count93

(/home/pault/texmf/tex/latex/hyperref/pd1enc.def
File: pd1enc.def 2012/11/06 v6.83m Hyperref: PDFDocEncoding definition (HO)
)
\Hy@SavedSpaceFactor=\count94

(/usr/share/texlive/texmf-dist/tex/latex/latexconfig/hyperref.cfg
File: hyperref.cfg 2002/06/06 v1.2 hyperref configuration of TeXLive
)
Package hyperref Info: Option `unicode' set `true' on input line 4319.

(/home/pault/texmf/tex/latex/hyperref/puenc.def
File: puenc.def 2012/11/06 v6.83m Hyperref: PDF Unicode definition (HO)
)
Package hyperref Info: Option `hyperfootnotes' set `false' on input line 4319.
Package hyperref Info: Hyper figures OFF on input line 4443.
Package hyperref Info: Link nesting OFF on input line 4448.
Package hyperref Info: Hyper index ON on input line 4451.
Package hyperref Info: Plain pages OFF on input line 4458.
Package hyperref Info: Backreferencing OFF on input line 4463.
Package hyperref Info: Implicit mode ON; LaTeX internals redefined.
Package hyperref Info: Bookmarks ON on input line 4688.
\c@Hy@tempcnt=\count95

(/usr/share/texlive/texmf-dist/tex/latex/url/url.sty
\Urlmuskip=\muskip10
Package: url 2013/09/16  ver 3.4  Verb mode for urls, etc.
)
LaTeX Info: Redefining \url on input line 5041.
\XeTeXLinkMargin=\dimen112
\Fld@menulength=\count96
\Field@Width=\dimen113
\Fld@charsize=\dimen114
Package hyperref Info: Hyper figures OFF on input line 6295.
Package hyperref Info: Link nesting OFF on input line 6300.
Package hyperref Info: Hyper index ON on input line 6303.
Package hyperref Info: backreferencing OFF on input line 6310.
Package hyperref Info: Link coloring OFF on input line 6315.
Package hyperref Info: Link coloring with OCG OFF on input line 6320.
Package hyperref Info: PDF/A mode OFF on input line 6325.
LaTeX Info: Redefining \ref on input line 6365.
LaTeX Info: Redefining \pageref on input line 6369.
\Hy@abspage=\count97
\c@Item=\count98
)

Package hyperref Message: Driver (default): hdvips.

(/home/pault/texmf/tex/latex/hyperref/hdvips.def
File: hdvips.def 2012/11/06 v6.83m Hyperref driver for dvips

(/home/pault/texmf/tex/latex/hyperref/pdfmark.def
File: pdfmark.def 2012/11/06 v6.83m Hyperref definitions for pdfmark specials
\pdf@docset=\toks17
\pdf@box=\box27
\pdf@toks=\toks18
\pdf@defaulttoks=\toks19
\HyField@AnnotCount=\count99
\Fld@listcount=\count100
\c@bookmark@seq@number=\count101

(/usr/share/texlive/texmf-dist/tex/latex/oberdiek/rerunfilecheck.sty
Package: rerunfilecheck 2011/04/15 v1.7 Rerun checks for auxiliary files (HO)
Package uniquecounter Info: New unique counter `rerunfilecheck' on input line 2
82.
)
\Hy@SectionHShift=\skip48
))

Package hyperref Warning: Option `pagecolor' is not available anymore.

(/usr/share/texlive/texmf-dist/tex/latex/ms/ragged2e.sty
Package: ragged2e 2009/05/21 v2.1 ragged2e Package (MS)

(/usr/share/texlive/texmf-dist/tex/latex/ms/everysel.sty
Package: everysel 2011/10/28 v1.2 EverySelectfont Package (MS)
)
\CenteringLeftskip=\skip49
\RaggedLeftLeftskip=\skip50
\RaggedRightLeftskip=\skip51
\CenteringRightskip=\skip52
\RaggedLeftRightskip=\skip53
\RaggedRightRightskip=\skip54
\CenteringParfillskip=\skip55
\RaggedLeftParfillskip=\skip56
\RaggedRightParfillskip=\skip57
\JustifyingParfillskip=\skip58
\CenteringParindent=\skip59
\RaggedLeftParindent=\skip60
\RaggedRightParindent=\skip61
\JustifyingParindent=\skip62
)
(/home/pault/texmf/tex/latex/geometry/geometry.sty
Package: geometry 2010/09/12 v5.6 Page Geometry
\Gm@cnth=\count102
\Gm@cntv=\count103
\c@Gm@tempcnt=\count104
\Gm@bindingoffset=\dimen115
\Gm@wd@mp=\dimen116
\Gm@odd@mp=\dimen117
\Gm@even@mp=\dimen118
\Gm@layoutwidth=\dimen119
\Gm@layoutheight=\dimen120
\Gm@layouthoffset=\dimen121
\Gm@layoutvoffset=\dimen122
\Gm@dimlist=\toks20
)
(/home/pault/texmf/tex/latex/changepage/changepage.sty
Package: changepage 2009/10/20 v1.0c check page and change page layout
\c@cp@cntr=\count105
\cp@tempcnt=\count106
)
\@tufte@overhang=\skip63
\@tufte@fullwidth=\skip64
\@tufte@caption@fill=\skip65

(/home/pault/texmf/tex/latex/paralist/paralist.sty
Package: paralist 2013/06/09 v2.4 Extended list environments
\pltopsep=\skip66
\plpartopsep=\skip67
\plitemsep=\skip68
\plparsep=\skip69
\pl@lab=\toks21
)
(/home/pault/texmf/tex/latex/textcase/textcase.sty
Package: textcase 2004/10/07 v0.07 Text only upper/lower case changing (DPC)
)
(/home/pault/texmf/tex/latex/soul/soul.sty
Package: soul 2003/11/17 v2.4 letterspacing/underlining (mf)
\SOUL@word=\toks22
\SOUL@lasttoken=\toks23
\SOUL@cmds=\toks24
\SOUL@buffer=\toks25
\SOUL@token=\toks26
\SOUL@spaceskip=\skip70
\SOUL@ttwidth=\dimen123
\SOUL@uldp=\dimen124
\SOUL@ulht=\dimen125
)
LaTeX Info: Redefining \allcapsspacing on input line 697.
LaTeX Info: Redefining \smallcapsspacing on input line 697.

(/home/pault/texmf/tex/latex/setspace/setspace.sty
Package: setspace 2011/12/19 v6.7a set line spacing
)
(/home/pault/texmf/tex/latex/natbib/natbib.sty
Package: natbib 2010/09/13 8.31b (PWD, AO)
\bibhang=\skip71
\bibsep=\skip72
LaTeX Info: Redefining \cite on input line 694.


! LaTeX Error: \makeindex undefined.

See the LaTeX manual or LaTeX Companion for explanation.
Type  H <return>  for immediate help.
 ...                                              
                                                  
l.795 \renewcommand\makeindex
                             {\NAT@makeindex
Try typing  <return>  to proceed.
If that doesn't work, type  X <return>  to quit.

\c@NAT@ctr=\count107
) (/home/pault/texmf/tex/latex/natbib/bibentry.sty
Package: bibentry 2007/10/30 1.5 (PWD)
)
No file _region_.bbl.
\c@@tufte@num@bibkeys=\count108
(/usr/share/texlive/texmf-dist/tex/latex/sauerj/optparams.sty
Package: optparams 2004/08/14 v0.9 multiple optional parameters in macros
)
\@tufte@sidenote@vertical@offset=\skip73

(/home/pault/texmf/tex/latex/placeins/placeins.sty
Package: placeins 2005/04/18  v 2.2
)
\@tufte@margin@floatbox=\box28
\@tufte@figure@box=\box29
\@tufte@caption@box=\box30
\@tufte@caption@vertical@offset=\skip74
\@tufte@float@contents@width=\skip75

(/usr/share/texlive/texmf-dist/tex/latex/psnfss/mathpazo.sty
Package: mathpazo 2005/04/12 PSNFSS-v9.2a Palatino w/ Pazo Math (D.Puga, WaS) 
\symupright=\mathgroup4
)
(/usr/share/texlive/texmf-dist/tex/latex/psnfss/helvet.sty
Package: helvet 2005/04/12 PSNFSS-v9.2a (WaS) 
)
(/usr/share/texlive/texmf-dist/tex/latex/bera/beramono.sty
Package: beramono 2004/01/31 (WaS)
)
(/home/pault/texmf/tex/latex/fontenc/fontenc.sty
Package: fontenc 2005/09/27 v1.99g Standard LaTeX package

(/usr/share/texlive/texmf-dist/tex/latex/base/t1enc.def
File: t1enc.def 2005/09/27 v1.99g Standard LaTeX file
LaTeX Font Info:    Redeclaring font encoding T1 on input line 43.
))
(/home/pault/texmf/tex/latex/ts1/textcomp.sty)
(/home/pault/texmf/tex/latex/fancyhdr/fancyhdr.sty
\fancy@headwidth=\skip76
\f@ncyO@elh=\skip77
\f@ncyO@erh=\skip78
\f@ncyO@olh=\skip79
\f@ncyO@orh=\skip80
\f@ncyO@elf=\skip81
\f@ncyO@erf=\skip82
\f@ncyO@olf=\skip83
\f@ncyO@orf=\skip84
)
(/home/pault/texmf/tex/latex/xcolor/xcolor.sty
Package: xcolor 2007/01/21 v2.11 LaTeX color extensions (UK)

(/usr/share/texlive/texmf-dist/tex/latex/latexconfig/color.cfg
File: color.cfg 2007/01/18 v1.5 color configuration of teTeX/TeXLive
)
Package xcolor Info: Package option `usenames' ignored on input line 216.
Package xcolor Info: Driver file: dvips.def on input line 225.

(/usr/share/texlive/texmf-dist/tex/latex/graphics/dvips.def
File: dvips.def 1999/02/16 v3.0i Driver-dependant file (DPC,SPQR)
)
Package xcolor Info: Model `cmy' substituted by `cmy0' on input line 1337.
Package xcolor Info: Model `RGB' extended on input line 1353.
Package xcolor Info: Model `HTML' substituted by `rgb' on input line 1355.
Package xcolor Info: Model `Hsb' substituted by `hsb' on input line 1356.
Package xcolor Info: Model `tHsb' substituted by `hsb' on input line 1357.
Package xcolor Info: Model `HSB' substituted by `hsb' on input line 1358.
Package xcolor Info: Model `Gray' substituted by `gray' on input line 1359.
Package xcolor Info: Model `wave' substituted by `hsb' on input line 1360.

(/usr/share/texlive/texmf-dist/tex/latex/graphics/dvipsnam.def
File: dvipsnam.def 1999/02/16 v3.0i Driver-dependant file (DPC,SPQR)
)
(/home/pault/texmf/tex/latex/xcolor/svgnam.def
File: svgnam.def 2007/01/21 v2.11 Predefined colors according to SVG 1.1 (UK)
))
\langwohyphens=\language79

(/usr/share/texlive/texmf-dist/tex/latex/tools/multicol.sty
Package: multicol 2011/06/27 v1.7a multicolumn formatting (FMi)
\c@tracingmulticols=\count109
\mult@box=\box31
\multicol@leftmargin=\dimen126
\c@unbalance=\count110
\c@collectmore=\count111
\doublecol@number=\count112
\multicoltolerance=\count113
\multicolpretolerance=\count114
\full@width=\dimen127
\page@free=\dimen128
\premulticols=\dimen129
\postmulticols=\dimen130
\multicolsep=\skip85
\multicolbaselineskip=\skip86
\partial@page=\box32
\last@line=\box33
\mult@rightbox=\box34
\mult@grightbox=\box35
\mult@gfirstbox=\box36
\mult@firstbox=\box37
\@tempa=\box38
\@tempa=\box39
\@tempa=\box40
\@tempa=\box41
\@tempa=\box42
\@tempa=\box43
\@tempa=\box44
\@tempa=\box45
\@tempa=\box46
\@tempa=\box47
\@tempa=\box48
\@tempa=\box49
\@tempa=\box50
\@tempa=\box51
\@tempa=\box52
\@tempa=\box53
\@tempa=\box54
\c@columnbadness=\count115
\c@finalcolumnbadness=\count116
\last@try=\dimen131
\multicolovershoot=\dimen132
\multicolundershoot=\dimen133
\mult@nat@firstbox=\box55
\colbreak@box=\box56
\multicol@sort@counter=\count117
)))
(/usr/share/texlive/texmf-dist/tex/latex/amscls/amsthm.sty
Package: amsthm 2004/08/06 v2.20
\thm@style=\toks27
\thm@bodyfont=\toks28
\thm@headfont=\toks29
\thm@notefont=\toks30
\thm@headpunct=\toks31
\thm@preskip=\skip87
\thm@postskip=\skip88
\thm@headsep=\skip89
\dth@everypar=\toks32
)
(/home/pault/texmf/tex/latex/thmtools/thmtools.sty
Package: thmtools 2014/04/21 v66
\thmt@toks=\toks33
\c@thmt@dummyctr=\count118

(/home/pault/texmf/tex/latex/thmtools/thm-patch.sty
Package: thm-patch 2014/04/21 v66

(/home/pault/texmf/tex/latex/thmtools/parseargs.sty
Package: parseargs 2014/04/21 v66
\@parsespec=\toks34
))
(/home/pault/texmf/tex/latex/thmtools/thm-kv.sty
Package: thm-kv 2014/04/21 v66
Package thm-kv Info: Theorem names will be uppercased on input line 40.
Package thm-kv Info: kvsetkeys patch (v1.16 or later) on input line 156.
)
(/home/pault/texmf/tex/latex/thmtools/thm-autoref.sty
Package: thm-autoref 2014/04/21 v66

(/home/pault/texmf/tex/latex/thmtools/aliasctr.sty
Package: aliasctr 2014/04/21 v66

(/usr/share/texlive/texmf-dist/tex/latex/carlisle/remreset.sty)))
(/home/pault/texmf/tex/latex/thmtools/thm-listof.sty
Package: thm-listof 2014/04/21 v66
)
(/home/pault/texmf/tex/latex/thmtools/thm-restate.sty
Package: thm-restate 2014/04/21 v66
)
(/home/pault/texmf/tex/latex/thmtools/thm-amsthm.sty
Package: thm-amsthm 2014/04/21 v66
\thmt@style@headstyle=\toks35
))
\c@thrm=\count119
\c@example=\count120
\c@defn=\count121

No file _region_.aux.
LaTeX Font Info:    Checking defaults for OML/cmm/m/it on input line 30.
LaTeX Font Info:    ... okay on input line 30.
LaTeX Font Info:    Checking defaults for T1/cmr/m/n on input line 30.
LaTeX Font Info:    ... okay on input line 30.
LaTeX Font Info:    Checking defaults for OT1/cmr/m/n on input line 30.
LaTeX Font Info:    ... okay on input line 30.
LaTeX Font Info:    Checking defaults for OMS/cmsy/m/n on input line 30.
LaTeX Font Info:    ... okay on input line 30.
LaTeX Font Info:    Checking defaults for OMX/cmex/m/n on input line 30.
LaTeX Font Info:    ... okay on input line 30.
LaTeX Font Info:    Checking defaults for U/cmr/m/n on input line 30.
LaTeX Font Info:    ... okay on input line 30.
LaTeX Font Info:    Checking defaults for PD1/pdf/m/n on input line 30.
LaTeX Font Info:    ... okay on input line 30.
LaTeX Font Info:    Checking defaults for PU/pdf/m/n on input line 30.
LaTeX Font Info:    ... okay on input line 30.
LaTeX Font Info:    Checking defaults for TS1/cmr/m/n on input line 30.
LaTeX Font Info:    Try loading font information for TS1+cmr on input line 30.
(/usr/share/texlive/texmf-dist/tex/latex/base/ts1cmr.fd
File: ts1cmr.fd 1999/05/25 v2.5h Standard LaTeX font definitions
)
LaTeX Font Info:    ... okay on input line 30.
LaTeX Font Info:    Try loading font information for T1+pplj on input line 30.

(/usr/share/texlive/texmf-dist/tex/latex/psnfss/t1pplj.fd
File: t1pplj.fd 2004/09/06 font definitions for T1/pplj.
)
(/usr/share/texmf/tex/latex/preview/preview.sty
Package: preview 2010/02/14 11.87 (AUCTeX/preview-latex)

(/usr/share/texmf/tex/latex/preview/prtightpage.def
\PreviewBorder=\dimen134
)
(/usr/share/texmf/tex/latex/preview/prauctex.def
No auxiliary output files.


\hbadness=\count122
\hfuzz=\dimen135
(/usr/share/texmf/tex/latex/preview/prauctex.cfg))
(/usr/share/texmf/tex/latex/preview/prfootnotes.def)
\pr@snippet=\count123
\pr@box=\box57
\pr@output=\toks36

Preview: Fontsize 10pt
)
\AtBeginShipoutBox=\box58
Package hyperref Info: Link coloring OFF on input line 30.
 (/home/pault/texmf/tex/latex/hyperref/nameref.sty
Package: nameref 2012/10/27 v2.43 Cross-referencing by name of section

(/usr/share/texlive/texmf-dist/tex/generic/oberdiek/gettitlestring.sty
Package: gettitlestring 2010/12/03 v1.4 Cleanup title references (HO)
)
\c@section@level=\count124
)
LaTeX Info: Redefining \ref on input line 30.
LaTeX Info: Redefining \pageref on input line 30.
LaTeX Info: Redefining \nameref on input line 30.


Package hyperref Warning: Rerun to get /PageLabels entry.

ABD: EverySelectfont initializing macros
LaTeX Info: Redefining \selectfont on input line 30.

*geometry* driver: auto-detecting
*geometry* detected driver: dvips
*geometry* verbose mode - [ preamble ] result:
* driver: dvips
* paper: letterpaper
* layout: <same size as paper>
* layoutoffset:(h,v)=(0.0pt,0.0pt)
* modes: twoside asymmetric 
* h-part:(L,W,R)=(72.26999pt, 312.0pt, 230.02501pt)
* v-part:(T,H,B)=(72.26999pt, 616.0pt, 106.7pt)
* \paperwidth=614.295pt
* \paperheight=794.96999pt
* \textwidth=312.0pt
* \textheight=616.0pt
* \oddsidemargin=0.0pt
* \evensidemargin=0.0pt
* \topmargin=-42.0pt
* \headheight=14.0pt
* \headsep=28.0pt
* \topskip=10.0pt
* \footskip=30.0pt
* \marginparwidth=144.0pt
* \marginparsep=24.0pt
* \columnsep=10.0pt
* \skip\footins=9.0pt plus 4.0pt minus 2.0pt
* \hoffset=0.0pt
* \voffset=0.0pt
* \mag=1000
* \@twocolumnfalse
* \@twosidetrue
* \@mparswitchfalse
* \@reversemarginfalse
* (1in=72.27pt=25.4mm, 1cm=28.453pt)

\big@size=\dimen136
 !name(prequantization.tex) !offset(85) 
LaTeX Font Info:    Try loading font information for TS1+pplj on input line 38.


(/usr/share/texlive/texmf-dist/tex/latex/psnfss/ts1pplj.fd
File: ts1pplj.fd 2004/09/06 font definitions for TS1/pplj.
)
! Preview: Snippet 1 started.
<-><->
      
l.38 ...he prequantization of a cotangent bundle $
                                                  T^*Q$ where $Q$ is a smoot...

Not a real error.

LaTeX Font Info:    Try loading font information for OT1+pplx on input line 38.

(/usr/share/texlive/texmf-dist/tex/latex/psnfss/ot1pplx.fd
File: ot1pplx.fd 2004/09/06 font definitions for OT1/pplx.
)
LaTeX Font Info:    Try loading font information for OML+zplm on input line 38.


(/usr/share/texlive/texmf-dist/tex/latex/psnfss/omlzplm.fd
File: omlzplm.fd 2002/09/08 Fontinst v1.914 font definitions for OML/zplm.
)
LaTeX Font Info:    Try loading font information for OMS+zplm on input line 38.


(/usr/share/texlive/texmf-dist/tex/latex/psnfss/omszplm.fd
File: omszplm.fd 2002/09/08 Fontinst v1.914 font definitions for OMS/zplm.
)
LaTeX Font Info:    Try loading font information for OMX+zplm on input line 38.


(/usr/share/texlive/texmf-dist/tex/latex/psnfss/omxzplm.fd
File: omxzplm.fd 2002/09/08 Fontinst v1.914 font definitions for OMX/zplm.
)
LaTeX Font Info:    Try loading font information for OT1+zplm on input line 38.


(/usr/share/texlive/texmf-dist/tex/latex/psnfss/ot1zplm.fd
File: ot1zplm.fd 2002/09/08 Fontinst v1.914 font definitions for OT1/zplm.
)
Preview: Tightpage -32891 -32891 32891 32891
! Preview: Snippet 1 ended.(478713+132055x1278562).
<-><->
      
l.38 ...equantization of a cotangent bundle $T^*Q$
                                                   where $Q$ is a smooth man...

Not a real error.

[1]
! Preview: Snippet 2 started.
<-><->
      
l.38 ...ation of a cotangent bundle $T^*Q$ where $
                                                  Q$ is a smooth manifold of...

Not a real error.

! Preview: Snippet 2 ended.(461700+132055x532801).
<-><->
      
l.38 ...ion of a cotangent bundle $T^*Q$ where $Q$
                                                   is a smooth manifold of d...

Not a real error.

[2]
! Preview: Snippet 3 started.
<-><->
      
l.38 ...re $Q$ is a smooth manifold of dimension $
                                                  n$. The cotangent bundle h...

Not a real error.

! Preview: Snippet 3 ended.(316866+6225x380764).
<-><->
      
l.38 ... $Q$ is a smooth manifold of dimension $n$
                                                  . The cotangent bundle has...

Not a real error.

[3]
! Preview: Snippet 4 started.
<-><->
      
l.39 $
      $
Not a real error.

! Preview: Snippet 4 ended.(1862804+0x20447232).
<-><->
      
l.41 $$
       
Not a real error.

[4]
! Preview: Snippet 5 started.
<-><->
      
l.42 where $
            (q_i,p_i)$ are \emph{canonical coordinates}; note also that $\om...

Not a real error.

! Preview: Snippet 5 ended.(512491+181206x1902629).
<-><->
      
l.42 where $(q_i,p_i)$
                       are \emph{canonical coordinates}; note also that $\om...

Not a real error.

[5]
! Preview: Snippet 6 started.
<-><->
      
l.42 ...h{canonical coordinates}; note also that $
                                                  \omega = -\d\theta$ for
Not a real error.

! Preview: Snippet 6 ended.(477429+56361x2703035).
<-><->
      
l.42 ...ates}; note also that $\omega = -\d\theta$
                                                   for
Not a real error.

[6]
! Preview: Snippet 7 started.
<-><->
      
l.43 $
      $
Not a real error.

! Preview: Snippet 7 ended.(1862804+0x20447232).
<-><->
      
l.45 $$
       
Not a real error.

[7]
! Preview: Snippet 8 started.
<-><->
      
l.46 the canonical 1-form on $
                              T^*Q$.
Not a real error.

! Preview: Snippet 8 ended.(478713+132055x1278562).
<-><->
      
l.46 the canonical 1-form on $T^*Q$
                                   .
Not a real error.

[8]
! Preview: Snippet 9 started.
<-><->
      
l.48 We note that the cohomology class $
                                        [\omega] = 0 \in \mathbb{Z}$ since w...

Not a real error.

LaTeX Font Info:    Try loading font information for U+fplmbb on input line 48.

(/usr/share/texlive/texmf-dist/tex/latex/psnfss/ufplmbb.fd
File: ufplmbb.fd 2003/10/30 Fontinst v1.914 font definitions for U/fplmbb.
)
! Preview: Snippet 9 ended.(512491+171048x3545529).
<-><->
      
l.48 ...mology class $[\omega] = 0 \in \mathbb{Z}$
                                                   since we have that $\omeg...

Not a real error.

[9]
! Preview: Snippet 10 started.
<-><->
      
l.48 ...] = 0 \in \mathbb{Z}$ since we have that $
                                                  \omega$ is exact ($\d(-\th...

Not a real error.

! Preview: Snippet 10 ended.(316866+6225x517071).
<-><->
      
l.48 ...in \mathbb{Z}$ since we have that $\omega$
                                                   is exact ($\d(-\theta) = ...

Not a real error.

[10]
! Preview: Snippet 11 started.
<-><->
      
l.48 ...}$ since we have that $\omega$ is exact ($
                                                  \d(-\theta) = \omega$).
Not a real error.

! Preview: Snippet 11 ended.(512491+171048x3265333).
<-><->
      
l.48 ... $\omega$ is exact ($\d(-\theta) = \omega$
                                                  ).
Not a real error.

[11]
! Preview: Snippet 12 started.
<-><->
      
l.50 ...otangent bundle is prequantizable; since $
                                                  \omega$ is equivalently th...

Not a real error.

! Preview: Snippet 12 ended.(316866+6225x517071).
<-><->
      
l.50 ...t bundle is prequantizable; since $\omega$
                                                   is equivalently the curva...

Not a real error.

[12]
! Preview: Snippet 13 started.
<-><->
      
l.50 ...e form, we have a flat connection\footnote
                                                  {See theorems 9.1 and 9.2 ...

Not a real error.

! Preview: Snippet 13 ended.(491912+0x20447232).
<-><->
      
l.50 ...eorems 9.1 and 9.2 of Kobayashi \& Nomizu}
                                                  , for example, for a proof...

Not a real error.

[13]
! Extra }, or forgotten \endgroup.
l.50 ...ection is flat iff the bundle is trivial.}
                                                   $\nabla$ and it is thus s...
I've deleted a group-closing symbol because it seems to be
spurious, as in `$x}$'. But perhaps the } is legitimate and
you forgot something else, as in `\hbox{$x}'. In such cases
the way to recover is to insert both the forgotten and the
deleted material, e.g., by typing `I$}'.

! Preview: Snippet 14 started.
<-><->
      
l.50 ...tion is flat iff the bundle is trivial.} $
                                                  \nabla$ and it is thus suf...

Not a real error.

! Preview: Snippet 14 ended.(465633+0x585230).
<-><->
      
l.50 ... flat iff the bundle is trivial.} $\nabla$
                                                   and it is thus sufficient...

Not a real error.

[14]
! Preview: Snippet 15 started.
<-><->
      
l.50 ...nabla$ and it is thus sufficient to take $
                                                  T^*Q \times \mathbf{C}$ as...

Not a real error.

! Preview: Snippet 15 ended.(478713+132055x2570189).
<-><->
      
l.50 ...ufficient to take $T^*Q \times \mathbf{C}$
                                                   as the prequantum line bu...

Not a real error.

[15]
! Preview: Snippet 16 started.
<-><->
      
l.52 We obtain a prequantum Hilbert space of $
                                              \mathcal{H} = \mathcal{C}(T^*Q...

Not a real error.

! Preview: Snippet 16 ended.(512491+171048x3765336).
<-><->
      
l.52 ...space of $\mathcal{H} = \mathcal{C}(T^*Q)$
                                                   with metric given by (......

Not a real error.

[16]
! Preview: Snippet 17 started.
<-><->
      
l.54 The quantized operator corresponding to $
                                              f \in C^\infty(T^*Q)$ is then ...

Not a real error.

! Preview: Snippet 17 ended.(512491+181206x3975898).
<-><->
      
l.54 ...or corresponding to $f \in C^\infty(T^*Q)$
                                                   is then given by
Not a real error.

[17]
! Preview: Snippet 18 started.
<-><->
      
l.55 $
      $
Not a real error.

! Preview: Snippet 18 ended.(1260127+0x20447232).
<-><->
      
l.57 $$
       
Not a real error.

[18]
! Preview: Snippet 19 started.
<-><->
      
l.59 \item \emph{($
                   \mathbf{R}^3$.)} As a specific example of the above, we c...

Not a real error.

! Preview: Snippet 19 ended.(578079+3931x771358).
<-><->
      
l.59 \item \emph{($\mathbf{R}^3$
                                .)} As a specific example of the above, we c...

Not a real error.

[19]
! Preview: Snippet 20 started.
<-><->
      
l.59 ...ecific example of the above, we consider $
                                                  Q = \mathbf{R}^3$. Accordi...

Not a real error.

! Preview: Snippet 20 ended.(578079+132055x2215457).
<-><->
      
l.59 ... the above, we consider $Q = \mathbf{R}^3$
                                                  . According to the above, ...

Not a real error.

[20]
! Preview: Snippet 21 started.
<-><->
      
l.59 ...e above, we have the symplectic manifold $
                                                  T^*\mathbf{R}^3 \equiv \ma...

Not a real error.

! Preview: Snippet 21 ended.(578079+3931x3199775).
<-><->
      
l.59 ...fold $T^*\mathbf{R}^3 \equiv \mathbf{R}^6$
                                                  , with the hermitian line ...

Not a real error.

[21]
! Preview: Snippet 22 started.
<-><->
      
l.59 ... with the hermitian line bundle given by $
                                                  \mathbf{R}^6 \times \mathb...

Not a real error.

! Preview: Snippet 22 ended.(578079+56361x2062985).
<-><->
      
l.59 ... given by $\mathbf{R}^6 \times \mathbf{C}$
                                                  ; we note that this is uni...

Not a real error.

[22]
! Preview: Snippet 23 started.
<-><->
      
l.59 ...ractible), and the associated connection $
                                                  \nabla$ is given by (...)%%%%

Not a real error.

! Preview: Snippet 23 ended.(465633+0x585230).
<-><->
      
l.59 ...e), and the associated connection $\nabla$
                                                   is given by (...)%%%%
Not a real error.

[23]
! Preview: Snippet 24 started.
<-><->
      
l.61 Choose the Hamiltonian function $
                                      H$ to be (...)%%%%
Not a real error.

! Preview: Snippet 24 ended.(453181+2948x568851).
<-><->
      
l.61 Choose the Hamiltonian function $H$
                                         to be (...)%%%%
Not a real error.

[24]
! Preview: Snippet 25 started.
<-><->
      
l.65 ...armonic Oscillator.)} In the case of the $
                                                  n$-dimensional harmonic os...

Not a real error.

! Preview: Snippet 25 ended.(316866+6225x380764).
<-><->
      
l.65 ...monic Oscillator.)} In the case of the $n$
                                                  -dimensional harmonic osci...

Not a real error.

[25]
! Preview: Snippet 26 started.
<-><->
      
l.65 ...have the phase space/symplectic manifold $
                                                  (M,\Omega)$ given by
Not a real error.

! Preview: Snippet 26 ended.(512491+171048x2064154).
<-><->
      
l.65 ...ase space/symplectic manifold $(M,\Omega)$
                                                   given by
Not a real error.

[26]
! Preview: Snippet 27 started.
<-><->
      
l.66 $
      $
Not a real error.

! Preview: Snippet 27 ended.(1833617+0x20447232).
<-><->
      
l.68 $$
       
Not a real error.

[27]
! Preview: Snippet 28 started.
<-><->
      
l.69 with the Hamiltonian $
                           H$ given by
Not a real error.

! Preview: Snippet 28 ended.(453181+2948x568851).
<-><->
      
l.69 with the Hamiltonian $H$
                              given by
Not a real error.

[28]
! Preview: Snippet 29 started.
<-><->
      
l.70 $
      $
Not a real error.

! Preview: Snippet 29 ended.(1833617+0x20447232).
<-><->
      
l.72 $$
       
Not a real error.

[29]
! Preview: Snippet 30 started.
<-><->
      
l.73 ...ld condition is satisfied, since we have $
                                                  [\Omega] = 0 \in \mathbf{Z...

Not a real error.

! Preview: Snippet 30 ended.(512491+171048x3500317).
<-><->
      
l.73 ...ince we have $[\Omega] = 0 \in \mathbf{Z}$
                                                  , and the line bundle is t...

Not a real error.

[30]
! Preview: Snippet 31 started.
<-><->
      
l.73 ... line bundle is trivial and unique since $
                                                  M$ is simply connected, wi...

Not a real error.

! Preview: Snippet 31 ended.(453181+12451x667811).
<-><->
      
l.73 ...ine bundle is trivial and unique since $M$
                                                   is simply connected, with...

Not a real error.

[31]
! Preview: Snippet 32 started.
<-><->
      
l.73 ...ique since $M$ is simply connected, with $
                                                  L = M \times \mathbf{C}$ a...

Not a real error.

! Preview: Snippet 32 ended.(459079+56361x3271161).
<-><->
      
l.73 ... connected, with $L = M \times \mathbf{C}$
                                                   and the associated connec...

Not a real error.

[32]
! Preview: Snippet 33 started.
<-><->
      
l.73 ...mathbf{C}$ and the associated connection $
                                                  \nabla$ given by
Not a real error.

! Preview: Snippet 33 ended.(465633+0x585230).
<-><->
      
l.73 ...C}$ and the associated connection $\nabla$
                                                   given by
Not a real error.

[33]
! Preview: Snippet 34 started.
<-><->
      
l.74 $
      $
Not a real error.

! Preview: Snippet 34 ended.(1098710+0x20447232).
<-><->
      
l.76 $$
       
Not a real error.

[34]
! Preview: Snippet 35 started.
<-><->
      
l.77 where $
            \omega$ is the pullback given by (...)%%%%%%
Not a real error.

! Preview: Snippet 35 ended.(316866+6225x517071).
<-><->
      
l.77 where $\omega$
                    is the pullback given by (...)%%%%%%
Not a real error.

[35]
! Preview: Snippet 36 started.
<-><->
      
l.79 ... prequantization map to the energy, i.e. $
                                                  H$; we have that
Not a real error.

! Preview: Snippet 36 ended.(453181+2948x568851).
<-><->
      
l.79 ...requantization map to the energy, i.e. $H$
                                                  ; we have that
Not a real error.

[36]
! Preview: Snippet 37 started.
<-><->
      
l.80 $
      $
Not a real error.

! Preview: Snippet 37 ended.(1965733+0x20447232).
<-><->
      
l.82 $$
       
Not a real error.

[37]
! Preview: Snippet 38 started.
<-><->
      
l.84 $
      $
Not a real error.

! Preview: Snippet 38 ended.(1098710+0x20447232).
<-><->
      
l.86 $$
       
Not a real error.

[38]
! Preview: Snippet 39 started.
<-><->
      
l.87 where the section $
                        \psi$ is interpreted as a function $M \to \mathbf{C}$.
Not a real error.

! Preview: Snippet 39 ended.(423362+181206x442366).
<-><->
      
l.87 where the section $\psi$
                              is interpreted as a function $M \to \mathbf{C}$.
Not a real error.

[39]
! Preview: Snippet 40 started.
<-><->
      
l.87 ...tion $\psi$ is interpreted as a function $
                                                  M \to \mathbf{C}$.
Not a real error.

! Preview: Snippet 40 ended.(459079+12451x2220713).
<-><->
      
l.87 ...terpreted as a function $M \to \mathbf{C}$
                                                  .
Not a real error.

[40]
! Preview: Snippet 41 started.
<-><->
      
l.89 ...e's an issue here, however; the operator $
                                                  O_H$ and the classical Ham...

Not a real error.

! Preview: Snippet 41 ended.(461700+121215x965134).
<-><->
      
l.89 ...an issue here, however; the operator $O_H$
                                                   and the classical Hamilto...

Not a real error.

[41]
! Preview: Snippet 42 started.
<-><->
      
l.89 ...ator $O_H$ and the classical Hamiltonian $
                                                  H$ have the same spectrum,...

Not a real error.

! Preview: Snippet 42 ended.(453181+2948x568851).
<-><->
      
l.89 ...or $O_H$ and the classical Hamiltonian $H$
                                                   have the same spectrum, a...

Not a real error.

[42]
! Preview: Snippet 43 started.
<-><->
      
l.89 ...an $H$ have the same spectrum, and hence $
                                                  O_H$ has a continuous spec...

Not a real error.

! Preview: Snippet 43 ended.(461700+121215x965134).
<-><->
      
l.89 ...H$ have the same spectrum, and hence $O_H$
                                                   has a continuous spectrum...

Not a real error.

[43]  !name(prequantization.tex) !offset(-105) )
! Emergency stop.
<*> ...review}[2004/11/05]\fi} \input _region_.tex
                                                  
*** (job aborted, no legal \end found)

 
Here is how much of TeX's memory you used:
 12054 strings out of 493305
 170881 string characters out of 6139898
 263351 words of memory out of 5000000
 15324 multiletter control sequences out of 15000+600000
 28241 words of font info for 57 fonts, out of 8000000 for 9000
 957 hyphenation exceptions out of 8191
 41i,9n,45p,707b,346s stack positions out of 5000i,500n,10000p,200000b,80000s
Output written on _region_.dvi (43 pages, 8060 bytes).
